<?xml version="1.0" encoding="UTF-8"?>
<coverage generated="1735045200598" clover="3.2.0">
  <project timestamp="1735045200598" name="All files">
    <metrics statements="27" coveredstatements="26" conditionals="14" coveredconditionals="13" methods="4" coveredmethods="4" elements="45" coveredelements="43" complexity="0" loc="27" ncloc="27" packages="1" files="2" classes="2"/>
    <file name="Calculator.tsx" path="C:\Users\Gega\Desktop\Epita sem5\devopsFinal\rust-fib-server\frontend\src\pages\Calculator.tsx">
      <metrics statements="24" coveredstatements="23" conditionals="14" coveredconditionals="13" methods="3" coveredmethods="3"/>
      <line num="1" count="1" type="stmt"/>
      <line num="2" count="1" type="stmt"/>
      <line num="9" count="1" type="stmt"/>
      <line num="10" count="19" type="stmt"/>
      <line num="11" count="19" type="stmt"/>
      <line num="12" count="19" type="stmt"/>
      <line num="13" count="19" type="stmt"/>
      <line num="15" count="19" type="stmt"/>
      <line num="16" count="6" type="cond" truecount="4" falsecount="0"/>
      <line num="17" count="3" type="stmt"/>
      <line num="18" count="3" type="stmt"/>
      <line num="21" count="3" type="stmt"/>
      <line num="22" count="3" type="stmt"/>
      <line num="24" count="3" type="stmt"/>
      <line num="25" count="3" type="stmt"/>
      <line num="31" count="2" type="cond" truecount="0" falsecount="1"/>
      <line num="32" count="0" type="stmt"/>
      <line num="34" count="2" type="stmt"/>
      <line num="35" count="2" type="stmt"/>
      <line num="37" count="1" type="stmt"/>
      <line num="38" count="1" type="stmt"/>
      <line num="42" count="3" type="stmt"/>
      <line num="46" count="19" type="stmt"/>
      <line num="107" count="5" type="stmt"/>
    </file>
    <file name="video.tsx" path="C:\Users\Gega\Desktop\Epita sem5\devopsFinal\rust-fib-server\frontend\src\pages\video.tsx">
      <metrics statements="3" coveredstatements="3" conditionals="0" coveredconditionals="0" methods="1" coveredmethods="1"/>
      <line num="1" count="1" type="stmt"/>
      <line num="3" count="1" type="stmt"/>
      <line num="4" count="4" type="stmt"/>
    </file>
  </project>
</coverage>
