{"C:\\Users\\Gega\\Desktop\\Epita sem5\\devopsFinal\\rust-fib-server\\frontend\\src\\pages\\Calculator.tsx": {"path":"C:\\Users\\Gega\\Desktop\\Epita sem5\\devopsFinal\\rust-fib-server\\frontend\\src\\pages\\Calculator.tsx","statementMap":{"0":{"start":{"line":9,"column":0},"end":{"line":9,"column":24}},"1":{"start":{"line":1,"column":0},"end":{"line":1,"column":33}},"2":{"start":{"line":2,"column":0},"end":{"line":2,"column":40}},"3":{"start":{"line":10,"column":30},"end":{"line":10,"column":50}},"4":{"start":{"line":11,"column":30},"end":{"line":11,"column":64}},"5":{"start":{"line":12,"column":32},"end":{"line":12,"column":47}},"6":{"start":{"line":13,"column":28},"end":{"line":13,"column":57}},"7":{"start":{"line":15,"column":23},"end":{"line":44,"column":3}},"8":{"start":{"line":16,"column":4},"end":{"line":19,"column":5}},"9":{"start":{"line":17,"column":6},"end":{"line":17,"column":59}},"10":{"start":{"line":18,"column":6},"end":{"line":18,"column":13}},"11":{"start":{"line":21,"column":4},"end":{"line":21,"column":21}},"12":{"start":{"line":22,"column":4},"end":{"line":22,"column":19}},"13":{"start":{"line":24,"column":4},"end":{"line":43,"column":5}},"14":{"start":{"line":25,"column":23},"end":{"line":29,"column":null}},"15":{"start":{"line":31,"column":6},"end":{"line":33,"column":7}},"16":{"start":{"line":32,"column":8},"end":{"line":32,"column":64}},"17":{"start":{"line":34,"column":32},"end":{"line":34,"column":53}},"18":{"start":{"line":35,"column":6},"end":{"line":35,"column":22}},"19":{"start":{"line":37,"column":6},"end":{"line":37,"column":25}},"20":{"start":{"line":38,"column":6},"end":{"line":40,"column":8}},"21":{"start":{"line":42,"column":6},"end":{"line":42,"column":24}},"22":{"start":{"line":46,"column":2},"end":{"line":165,"column":4}},"23":{"start":{"line":107,"column":33},"end":{"line":107,"column":58}}},"fnMap":{"0":{"name":"Calculator","decl":{"start":{"line":9,"column":24},"end":{"line":9,"column":34}},"loc":{"start":{"line":9,"column":34},"end":{"line":166,"column":1}}},"1":{"name":"(anonymous_1)","decl":{"start":{"line":15,"column":23},"end":{"line":15,"column":28}},"loc":{"start":{"line":15,"column":34},"end":{"line":44,"column":3}}},"2":{"name":"(anonymous_2)","decl":{"start":{"line":107,"column":26},"end":{"line":107,"column":27}},"loc":{"start":{"line":107,"column":33},"end":{"line":107,"column":58}}}},"branchMap":{"0":{"loc":{"start":{"line":16,"column":4},"end":{"line":19,"column":5}},"type":"if","locations":[{"start":{"line":16,"column":4},"end":{"line":19,"column":5}}]},"1":{"loc":{"start":{"line":16,"column":8},"end":{"line":16,"column":62}},"type":"binary-expr","locations":[{"start":{"line":16,"column":8},"end":{"line":16,"column":15}},{"start":{"line":16,"column":19},"end":{"line":16,"column":40}},{"start":{"line":16,"column":44},"end":{"line":16,"column":62}}]},"2":{"loc":{"start":{"line":31,"column":6},"end":{"line":33,"column":7}},"type":"if","locations":[{"start":{"line":31,"column":6},"end":{"line":33,"column":7}}]},"3":{"loc":{"start":{"line":122,"column":18},"end":{"line":124,"column":null}},"type":"cond-expr","locations":[{"start":{"line":123,"column":22},"end":{"line":123,"column":54}},{"start":{"line":124,"column":22},"end":{"line":124,"column":null}}]},"4":{"loc":{"start":{"line":130,"column":17},"end":{"line":136,"column":null}},"type":"cond-expr","locations":[{"start":{"line":131,"column":18},"end":{"line":132,"column":null}},{"start":{"line":136,"column":18},"end":{"line":136,"column":39}}]},"5":{"loc":{"start":{"line":141,"column":13},"end":{"line":144,"column":null}},"type":"binary-expr","locations":[{"start":{"line":141,"column":13},"end":{"line":141,"column":18}},{"start":{"line":142,"column":14},"end":{"line":143,"column":null}}]},"6":{"loc":{"start":{"line":147,"column":13},"end":{"line":159,"column":null}},"type":"binary-expr","locations":[{"start":{"line":147,"column":13},"end":{"line":147,"column":19}},{"start":{"line":147,"column":23},"end":{"line":147,"column":29}},{"start":{"line":148,"column":14},"end":{"line":158,"column":null}}]}},"s":{"0":1,"1":1,"2":1,"3":19,"4":19,"5":19,"6":19,"7":19,"8":6,"9":3,"10":3,"11":3,"12":3,"13":3,"14":3,"15":2,"16":0,"17":2,"18":2,"19":1,"20":1,"21":3,"22":19,"23":5},"f":{"0":19,"1":6,"2":5},"b":{"0":[3],"1":[6,4,4],"2":[0],"3":[3,16],"4":[3,16],"5":[19,4],"6":[19,2,2]}}
,"C:\\Users\\Gega\\Desktop\\Epita sem5\\devopsFinal\\rust-fib-server\\frontend\\src\\pages\\video.tsx": {"path":"C:\\Users\\Gega\\Desktop\\Epita sem5\\devopsFinal\\rust-fib-server\\frontend\\src\\pages\\video.tsx","statementMap":{"0":{"start":{"line":3,"column":0},"end":{"line":3,"column":24}},"1":{"start":{"line":1,"column":0},"end":{"line":1,"column":40}},"2":{"start":{"line":4,"column":2},"end":{"line":57,"column":4}}},"fnMap":{"0":{"name":"Video","decl":{"start":{"line":3,"column":24},"end":{"line":3,"column":29}},"loc":{"start":{"line":3,"column":29},"end":{"line":58,"column":1}}}},"branchMap":{},"s":{"0":1,"1":1,"2":4},"f":{"0":4},"b":{}}
}
