TN:
SF:src\pages\Calculator.tsx
FN:9,Calculator
FN:15,(anonymous_1)
FN:107,(anonymous_2)
FNF:3
FNH:3
FNDA:19,Calculator
FNDA:6,(anonymous_1)
FNDA:5,(anonymous_2)
DA:1,1
DA:2,1
DA:9,1
DA:10,19
DA:11,19
DA:12,19
DA:13,19
DA:15,19
DA:16,6
DA:17,3
DA:18,3
DA:21,3
DA:22,3
DA:24,3
DA:25,3
DA:31,2
DA:32,0
DA:34,2
DA:35,2
DA:37,1
DA:38,1
DA:42,3
DA:46,19
DA:107,5
LF:24
LH:23
BRDA:16,0,0,3
BRDA:16,1,0,6
BRDA:16,1,1,4
BRDA:16,1,2,4
BRDA:31,2,0,0
BRDA:122,3,0,3
BRDA:122,3,1,16
BRDA:130,4,0,3
BRDA:130,4,1,16
BRDA:141,5,0,19
BRDA:141,5,1,4
BRDA:147,6,0,19
BRDA:147,6,1,2
BRDA:147,6,2,2
BRF:14
BRH:13
end_of_record
TN:
SF:src\pages\video.tsx
FN:3,Video
FNF:1
FNH:1
FNDA:4,Video
DA:1,1
DA:3,1
DA:4,4
LF:3
LH:3
BRF:0
BRH:0
end_of_record
